<?xml version="1.0" encoding="UTF-8"?>
<!-- Generated by org.testng.reporters.JUnitReportReporter -->
<testsuite skipped="0" hostname="Adam-Bethlehems-MacBook-Pro.local" name="com.adam.theinternet.checkBoxTests" tests="1" failures="0" timestamp="28 Aug 2019 16:50:56 GMT" time="8.726" errors="0">
  <testcase name="testCheckBoxes" time="8.726" classname="com.adam.theinternet.checkBoxTests"/>
</testsuite> <!-- com.adam.theinternet.checkBoxTests -->
