<?xml version="1.0" encoding="UTF-8"?>
<!-- Generated by org.testng.reporters.JUnitReportReporter -->
<testsuite skipped="0" hostname="Adam-Bethlehems-MacBook-Pro.local" name="com.adam.theinternet.alertTests" tests="2" failures="0" timestamp="29 Aug 2019 07:42:51 GMT" time="12.272" errors="0">
  <testcase name="clickAlerts" time="6.684" classname="com.adam.theinternet.alertTests"/>
  <testcase name="dismissAlert" time="5.588" classname="com.adam.theinternet.alertTests"/>
</testsuite> <!-- com.adam.theinternet.alertTests -->
