<?xml version="1.0" encoding="UTF-8"?>
<!-- Generated by org.testng.reporters.JUnitReportReporter -->
<testsuite skipped="0" hostname="Adam-Bethlehems-MacBook-Pro.local" name="com.adam.theinternet.dropDownTest" tests="1" failures="0" timestamp="28 Aug 2019 16:39:57 GMT" time="13.986" errors="0">
  <testcase name="dropDownTests" time="13.986" classname="com.adam.theinternet.dropDownTest"/>
</testsuite> <!-- com.adam.theinternet.dropDownTest -->
